<?xml version="1.0" encoding="UTF-8"?>
<!-- Generated by org.testng.reporters.JUnitXMLReporter -->
<testsuite ignored="2" hostname="DESKTOP-15K0U18" failures="1" tests="13" name="Test2" time="13.574" errors="0" timestamp="2021-10-09T13:12:20 PDT">
  <testcase classname="com.neotech.lesson02.AssertDemo" name="validationLogo" time="0.056"/>
  <testcase classname="com.neotech.lesson02.DependsDemo" name="firstMethod" time="0.002"/>
  <testcase classname="com.neotech.lesson02.DependsDemo" name="fourthTest" time="0.004"/>
  <testcase classname="com.neotech.lesson02.DependsDemo" name="secondTest" time="0.002"/>
  <testcase classname="com.neotech.lesson02.DependsDemo" name="thirdTest" time="0.001"/>
  <testcase classname="com.neotech.lesson02.Enable" name="fourthTest" time="0.002"/>
  <testcase classname="com.neotech.lesson02.Enable" name="secondTest" time="0.001"/>
  <testcase classname="com.neotech.lesson02.Enable" name="thirdTest" time="0.002"/>
  <testcase classname="com.neotech.lesson02.priorityDemo" name="firstMethod" time="0.001"/>
  <testcase classname="com.neotech.lesson02.priorityDemo" name="fourthTest" time="0.0"/>
  <testcase classname="com.neotech.lesson02.priorityDemo" name="secondTest" time="0.001"/>
  <testcase classname="com.neotech.lesson02.priorityDemo" name="thirdTest" time="0.001"/>
  <testcase classname="com.neotech.lesson02.SoftAssertDemo" name="logoAndWelcomeValidation" time="1.938">
    <failure type="java.lang.AssertionError" message="The following asserts failed:
	Logo is not displayed! expected [true] but found [false]">
      <![CDATA[java.lang.AssertionError: The following asserts failed:
Logo is not displayed! expected [true] but found [false]
at com.neotech.lesson02.SoftAssertDemo.logoAndWelcomeValidation(SoftAssertDemo.java:53)
at java.base/java.util.ArrayList.forEach(ArrayList.java:1511)
... Removed 29 stack frames]]>
    </failure>
  </testcase> <!-- logoAndWelcomeValidation -->
  <testcase classname="com.neotech.lesson02.AssertDemo" name="titleValidation" time="0.0">
    <ignored/>
  </testcase> <!-- titleValidation -->
  <testcase classname="com.neotech.lesson02.Enable" name="firstMethod" time="0.0">
    <ignored/>
  </testcase> <!-- firstMethod -->
</testsuite> <!-- Test2 -->
