<?xml version="1.0" encoding="UTF-8"?>
<!-- Generated by org.testng.reporters.JUnitXMLReporter -->
<testsuite ignored="1" hostname="DESKTOP-15K0U18" failures="0" tests="1" name="Test" time="0.026" errors="0" timestamp="2021-10-09T13:12:07 PDT">
  <testcase classname="com.neotech.lesson01.MoreTestNGAnnotations" name="test1" time="0.004"/>
  <testcase classname="com.neotech.lesson01.MoreTestNGAnnotations" name="test2" time="0.0">
    <ignored/>
  </testcase> <!-- test2 -->
</testsuite> <!-- Test -->
