<?xml version="1.0" encoding="UTF-8"?>
<testng-results ignored="0" total="2" passed="2" failed="0" skipped="0">
  <reporter-output>
  </reporter-output>
  <suite started-at="2021-10-09T21:59:02 PDT" name="Suite" finished-at="2021-10-09T21:59:20 PDT" duration-ms="17507">
    <groups>
    </groups>
    <test started-at="2021-10-09T21:59:02 PDT" name="Test" finished-at="2021-10-09T21:59:20 PDT" duration-ms="17507">
      <class name="test.week4hw1">
        <test-method is-config="true" signature="setUp()[pri:0, instance:test.week4hw1@22e357dc]" started-at="2021-10-09T21:59:02 PDT" name="setUp" finished-at="2021-10-09T21:59:06 PDT" duration-ms="3211" status="PASS">
          <reporter-output>
          </reporter-output>
        </test-method> <!-- setUp -->
        <test-method signature="validLogin()[pri:0, instance:test.week4hw1@22e357dc]" started-at="2021-10-09T21:59:06 PDT" name="validLogin" finished-at="2021-10-09T21:59:10 PDT" duration-ms="3968" status="PASS">
          <reporter-output>
          </reporter-output>
        </test-method> <!-- validLogin -->
        <test-method is-config="true" signature="tearDown()[pri:0, instance:test.week4hw1@22e357dc]" started-at="2021-10-09T21:59:10 PDT" name="tearDown" finished-at="2021-10-09T21:59:12 PDT" duration-ms="2733" status="PASS">
          <reporter-output>
          </reporter-output>
        </test-method> <!-- tearDown -->
      </class> <!-- test.week4hw1 -->
      <class name="test.week4hw2">
        <test-method is-config="true" signature="setUp()[pri:0, instance:test.week4hw2@78123e82]" started-at="2021-10-09T21:59:12 PDT" name="setUp" finished-at="2021-10-09T21:59:15 PDT" duration-ms="2842" status="PASS">
          <reporter-output>
          </reporter-output>
        </test-method> <!-- setUp -->
        <test-method signature="emptyPasswordLogin()[pri:0, instance:test.week4hw2@78123e82]" started-at="2021-10-09T21:59:15 PDT" name="emptyPasswordLogin" finished-at="2021-10-09T21:59:17 PDT" duration-ms="1273" status="PASS">
          <reporter-output>
          </reporter-output>
        </test-method> <!-- emptyPasswordLogin -->
        <test-method is-config="true" signature="tearDown()[pri:0, instance:test.week4hw2@78123e82]" started-at="2021-10-09T21:59:17 PDT" name="tearDown" finished-at="2021-10-09T21:59:20 PDT" duration-ms="3446" status="PASS">
          <reporter-output>
          </reporter-output>
        </test-method> <!-- tearDown -->
      </class> <!-- test.week4hw2 -->
    </test> <!-- Test -->
  </suite> <!-- Suite -->
</testng-results>
